 total time [hrs]:    20.0000000    
   150.000000       3.12500000E-02
   300.000000       6.25000000E-02
   450.000000       9.37500000E-02
   600.000000      0.125000000    
   750.000000      0.155237496    
   900.000000      0.183854997    
   1050.00000      0.210487992    
   1200.00000      0.234950200    
   1350.00000      0.257739753    
   1500.00000      0.277907491    
   1650.00000      0.297425061    
   1800.00000      0.313491404    
   1950.00000      0.330612361    
   2100.00000      0.342660487    
   2250.00000      0.358484596    
   2400.00000      0.366243899    
   2550.00000      0.382218182    
   2700.00000      0.384812385    
   2850.00000      0.403018355    
   3000.00000      0.398581177    
   3150.00000      0.422244072    
   3300.00000      0.409859836    
   3450.00000      0.441627949    
   3600.00000      0.428634971    
   3750.00000      0.463641822    
   3900.00000      0.451401711    
   4050.00000      0.492108226    
   4200.00000      0.482640326    
   4350.00000      0.533234417    
   4500.00000      0.529738724    
   4650.00000      0.597370088    
   4800.00000      0.605113745    
   4950.00000      0.702008605    
   5100.00000      0.729835749    
   5250.00000      0.876917124    
   5400.00000       1.00918913    
   5550.00000       1.37798059    
   5700.00000       1.74589312    
   5850.00000       2.34257555    
   6000.00000       3.00775337    
   6150.00000       3.99433112    
   6300.00000       5.16895103    
   6450.00000       6.82293510    
   6600.00000       8.87030315    
   6750.00000       11.6670132    
   6900.00000       15.2092733    
   7050.00000       19.9627762    
   7200.00000       26.0653534    
   7350.00000       34.1698380    
   7500.00000       44.6573181    
   7650.00000       58.5004730    
   7800.00000       76.4975967    
   7950.00000       100.168564    
   8100.00000       131.026642    
   8250.00000       171.528412    
   8400.00000       224.412018    
   8550.00000       293.737793    
   8700.00000       384.341919    
   8850.00000       503.030945    
   9000.00000       658.234497    
   9150.00000       861.462036    
   9300.00000       1127.29736    
   9450.00000       1475.30371    
   9600.00000       1930.60449    
   9750.00000       2526.55640    
   9900.00000       3306.33203    
   10050.0000       4326.91016    
   10200.0000       5662.37500    
   10350.0000       7410.15820    
   10500.0000       9697.28516    
   10650.0000       12690.4658    
   10800.0000       16607.3887    
   10950.0000       21733.4121    
   11100.0000       28441.4883    
   11250.0000       37220.1719    
   11400.0000       48708.3242    
   11550.0000       63742.4766    
   11700.0000       83416.8906    
   11850.0000       109164.039    
   12000.0000       142858.047    
   12150.0000       186952.000    
   12300.0000       244655.734    
   12450.0000       320170.125    
   12600.0000       418992.312    
   12750.0000       548316.625    
   12900.0000       717557.625    
   13050.0000       939035.875    
   13200.0000       1228874.50    
   13350.0000       1608173.50    
   13500.0000       2104545.00    
   13650.0000       2754124.25    
   13800.0000       3604200.00    
   13950.0000       4716656.00    
   14100.0000       6172478.00    
   14250.0000       8077648.00    
   14400.0000       10570859.0    
   14550.0000       13833612.0    
   14700.0000       18103434.0    
   14850.0000       23691160.0    
   15000.0000       31003568.0    
   15150.0000       40572992.0    
   15300.0000       53096064.0    
   15450.0000       69484456.0    
   15600.0000       90931224.0    
   15750.0000       118997648.    
   15900.0000       155726944.    
   16050.0000       203792928.    
   16200.0000       266694736.    
   16350.0000       349011520.    
   16500.0000       456735872.    
   16650.0000       597709888.    
   16800.0000       782196352.    
   16950.0000       1.02362554E+09
   17100.0000       1.33957325E+09
   17250.0000       1.75304013E+09
   17400.0000       2.29412557E+09
   17550.0000       3.00222003E+09
   17700.0000       3.92887194E+09
   17850.0000       5.14153984E+09
   18000.0000       6.72850432E+09
   18150.0000       8.80529510E+09
   18300.0000       1.15230986E+10
   18450.0000       1.50797660E+10
   18600.0000       1.97342188E+10
   18750.0000       2.58252964E+10
   18900.0000       3.37964155E+10
   19050.0000       4.42278707E+10
   19200.0000       5.78790400E+10
   19350.0000       7.57437235E+10
   19500.0000       9.91224463E+10
   19650.0000       1.29717142E+11
   19800.0000       1.69755066E+11
   19950.0000       2.22150885E+11
   20100.0000       2.90718974E+11
   20250.0000       3.80451029E+11
   20400.0000       4.97879319E+11
   20550.0000       6.51552489E+11
   20700.0000       8.52657766E+11
   20850.0000       1.11583533E+12
   21000.0000       1.46024405E+12
   21150.0000       1.91095636E+12
   21300.0000       2.50078351E+12
   21450.0000       3.27266442E+12
   21600.0000       4.28279071E+12
   21750.0000       5.60469692E+12
   21900.0000       7.33461873E+12
   22050.0000       9.59848854E+12
   22200.0000       1.25611153E+13
   22350.0000       1.64381736E+13
   22500.0000       2.15119057E+13
   22650.0000       2.81516756E+13
   22800.0000       3.68408453E+13
   22950.0000       4.82119768E+13
   23100.0000       6.30928683E+13
   23250.0000       8.25668288E+13
   23400.0000       1.08051537E+14
   23550.0000       1.41402235E+14
   23700.0000       1.85046820E+14
   23850.0000       2.42162571E+14
   24000.0000       3.16907417E+14
   24150.0000       4.14722646E+14
   24300.0000       5.42729080E+14
   24450.0000       7.10245387E+14
   24600.0000       9.29466491E+14
   24750.0000       1.21635152E+15
   24900.0000       1.59178508E+15
   25050.0000       2.08309846E+15
   25200.0000       2.72605869E+15
   25350.0000       3.56747124E+15
   25500.0000       4.66859080E+15
   25650.0000       6.10957809E+15
   25800.0000       7.99533288E+15
   25950.0000       1.04631373E+16
   26100.0000       1.36926414E+16
   26250.0000       1.79189504E+16
   26400.0000       2.34497312E+16
   26550.0000       3.06876229E+16
   26700.0000       4.01595248E+16
   26850.0000       5.25549808E+16
   27000.0000       6.87763765E+16
   27150.0000       9.00045959E+16
   27300.0000       1.17785011E+17
   27450.0000       1.54139985E+17
   27600.0000       2.01716163E+17
   27750.0000       2.63976988E+17
   27900.0000       3.45454940E+17
   28050.0000       4.52081523E+17
   28200.0000       5.91618963E+17
   28350.0000       7.74225511E+17
   28500.0000       1.01319433E+18
   28650.0000       1.32592237E+18
   28800.0000       1.73517558E+18
   28950.0000       2.27074715E+18
   29100.0000       2.97162589E+18
   29250.0000       3.88883491E+18
   29400.0000       5.08914454E+18
   29550.0000       6.65993764E+18
   29700.0000       8.71556479E+18
   29850.0000       1.14056717E+19
   30000.0000       1.49260946E+19
   30150.0000       1.95331143E+19
   30300.0000       2.55621192E+19
   30450.0000       3.34520080E+19
   30600.0000       4.37771610E+19
   30750.0000       5.72892221E+19
   30900.0000       7.49718628E+19
   31050.0000       9.81123428E+19
   31200.0000       1.28395250E+20
   31350.0000       1.68025150E+20
   31500.0000       2.19887038E+20
   31650.0000       2.87756390E+20
   31800.0000       3.76573972E+20
   31950.0000       4.92805615E+20
   32100.0000       6.44912793E+20
   32250.0000       8.43968730E+20
   32400.0000       1.10446439E+21
   32550.0000       1.44536359E+21
   32700.0000       1.89148285E+21
   32850.0000       2.47529939E+21
   33000.0000       3.23931424E+21
   33150.0000       4.23914657E+21
   33300.0000       5.54758243E+21
   33450.0000       7.25987466E+21
   33600.0000       9.50067443E+21
   33750.0000       1.24331100E+22
   33900.0000       1.62706599E+22
   34050.0000       2.12926880E+22
   34200.0000       2.78647910E+22
   34350.0000       3.64654120E+22
   34500.0000       4.77206641E+22
   34650.0000       6.24499118E+22
   34800.0000       8.17254263E+22
   34950.0000       1.06950421E+23
   35100.0000       1.39961266E+23
   35250.0000       1.83161073E+23
   35400.0000       2.39694759E+23
   35550.0000       3.13677876E+23
   35700.0000       4.10496261E+23
   35850.0000       5.37198227E+23
   36000.0000       7.03007434E+23
   36150.0000       9.19994611E+23
   36300.0000       1.20395608E+24
   36450.0000       1.57556379E+24
   36600.0000       2.06187012E+24
   36750.0000       2.69827789E+24
   36900.0000       3.53111639E+24
   37050.0000       4.62101488E+24
   37200.0000       6.04731656E+24
   37350.0000       7.91385439E+24
   37500.0000       1.03565094E+25
   37650.0000       1.35531042E+25
   37800.0000       1.77363438E+25
   37950.0000       2.32107656E+25
   38100.0000       3.03748930E+25
   38250.0000       3.97502755E+25
   38400.0000       5.20194171E+25
   38550.0000       6.80754954E+25
   38700.0000       8.90873699E+25
   38850.0000       1.16584677E+26
   39000.0000       1.52569183E+26
   39150.0000       1.99660530E+26
   39300.0000       2.61286840E+26
   39450.0000       3.41934493E+26
   39600.0000       4.47474477E+26
   39750.0000       5.85589898E+26
   39900.0000       7.66335450E+26
   40050.0000       1.00286920E+27
   40200.0000       1.31241028E+27
   40350.0000       1.71749296E+27
   40500.0000       2.24760649E+27
   40650.0000       2.94134308E+27
   40800.0000       3.84920505E+27
   40950.0000       5.03728339E+27
   41100.0000       6.59206825E+27
   41250.0000       8.62674648E+27
   41400.0000       1.12894392E+28
   41550.0000       1.47739849E+28
   41700.0000       1.93340578E+28
   41850.0000       2.53016226E+28
   42000.0000       3.31111064E+28
   42150.0000       4.33310276E+28
   42300.0000       5.67053928E+28
   42450.0000       7.42078242E+28
   42600.0000       9.71124822E+28
   42750.0000       1.27086787E+29
   42900.0000       1.66312832E+29
   43050.0000       2.17646221E+29
   43200.0000       2.84823905E+29
   43350.0000       3.72736386E+29
   43500.0000       4.87783510E+29
   43650.0000       6.38340638E+29
   43800.0000       8.35368044E+29
   43950.0000       1.09320903E+30
   44100.0000       1.43063390E+30
   44250.0000       1.87220705E+30
   44400.0000       2.45007405E+30
   44550.0000       3.20630309E+30
   44700.0000       4.19594638E+30
   44850.0000       5.49104806E+30
   45000.0000       7.18588953E+30
   45150.0000       9.40385374E+30
   45300.0000       1.23064055E+31
   45450.0000       1.61048455E+31
   45600.0000       2.10756971E+31
   45750.0000       2.75808278E+31
   45900.0000       3.60938053E+31
   46050.0000       4.72343517E+31
   46200.0000       6.18134942E+31
   46350.0000       8.08925729E+31
   46500.0000       1.05860518E+32
   46650.0000       1.38534959E+32
   46800.0000       1.81294539E+32
   46950.0000       2.37252098E+32
   47100.0000       3.10481300E+32
   47250.0000       4.06313121E+32
   47400.0000       5.31723874E+32
   47550.0000       6.95843388E+32
   47700.0000       9.10619254E+32
   47850.0000       1.19168696E+33
   48000.0000       1.55950765E+33
   48150.0000       2.04085835E+33
   48300.0000       2.67078074E+33
   48450.0000       3.49513213E+33
   48600.0000       4.57392353E+33
   48750.0000       5.98569015E+33
   48900.0000       7.83320672E+33
   49050.0000       1.02509692E+34
   49200.0000       1.34149892E+34
   49350.0000       1.75555991E+34
   49500.0000       2.29742310E+34
   49650.0000       3.00653546E+34
   49800.0000       3.93451957E+34
   49950.0000       5.14893033E+34
   50100.0000       6.73817646E+34
   50250.0000       8.81795089E+34
   50400.0000       1.15396601E+35
   50550.0000       1.51014404E+35
   50700.0000       1.97625837E+35
   50850.0000       2.58624134E+35
   51000.0000       3.38449915E+35
   51150.0000       4.42914386E+35
   51300.0000       5.79622383E+35
   51450.0000       7.58525991E+35
   51600.0000       9.92649331E+35
   51750.0000       1.29903597E+36
   51900.0000       1.69999076E+36
   52050.0000       2.22470208E+36
   52200.0000       2.91136877E+36
   52350.0000       3.80997839E+36
   52500.0000       4.98594933E+36
   52650.0000       6.52489047E+36
   52800.0000       8.53883423E+36
   52950.0000       1.11743920E+37
   53100.0000       1.46234297E+37
   53250.0000       1.91370328E+37
   53400.0000       2.50437864E+37
   53550.0000       3.27736890E+37
   53700.0000       4.28894673E+37
   53850.0000       5.61275425E+37
   54000.0000       7.34516156E+37
   54150.0000       9.61228621E+37
   54300.0000             Infinity
   54450.0000             Infinity
   54600.0000             Infinity
   54750.0000             Infinity
   54900.0000             Infinity
   55050.0000             Infinity
   55200.0000       0.00000000    
   55350.0000       0.00000000    
   55500.0000       0.00000000    
   55650.0000       0.00000000    
   55800.0000       0.00000000    
   55950.0000       0.00000000    
   56100.0000       0.00000000    
   56250.0000       0.00000000    
   56400.0000       0.00000000    
   56550.0000       0.00000000    
   56700.0000       0.00000000    
   56850.0000       0.00000000    
   57000.0000       0.00000000    
   57150.0000       0.00000000    
   57300.0000       0.00000000    
   57450.0000       0.00000000    
   57600.0000       0.00000000    
   57750.0000       0.00000000    
   57900.0000       0.00000000    
   58050.0000       0.00000000    
   58200.0000       0.00000000    
   58350.0000       0.00000000    
   58500.0000       0.00000000    
   58650.0000       0.00000000    
   58800.0000       0.00000000    
   58950.0000       0.00000000    
   59100.0000       0.00000000    
   59250.0000       0.00000000    
   59400.0000       0.00000000    
   59550.0000       0.00000000    
   59700.0000       0.00000000    
   59850.0000       0.00000000    
   60000.0000       0.00000000    
   60150.0000       0.00000000    
   60300.0000       0.00000000    
   60450.0000       0.00000000    
   60600.0000       0.00000000    
   60750.0000       0.00000000    
   60900.0000       0.00000000    
   61050.0000       0.00000000    
   61200.0000       0.00000000    
   61350.0000       0.00000000    
   61500.0000       0.00000000    
   61650.0000       0.00000000    
   61800.0000       0.00000000    
   61950.0000       0.00000000    
   62100.0000       0.00000000    
   62250.0000       0.00000000    
   62400.0000       0.00000000    
   62550.0000       0.00000000    
   62700.0000       0.00000000    
   62850.0000       0.00000000    
   63000.0000       0.00000000    
   63150.0000       0.00000000    
   63300.0000       0.00000000    
   63450.0000       0.00000000    
   63600.0000       0.00000000    
   63750.0000       0.00000000    
   63900.0000       0.00000000    
   64050.0000       0.00000000    
   64200.0000       0.00000000    
   64350.0000       0.00000000    
   64500.0000       0.00000000    
   64650.0000       0.00000000    
   64800.0000       0.00000000    
   64950.0000       0.00000000    
   65100.0000       0.00000000    
   65250.0000       0.00000000    
   65400.0000       0.00000000    
   65550.0000       0.00000000    
   65700.0000       0.00000000    
   65850.0000       0.00000000    
   66000.0000       0.00000000    
   66150.0000       0.00000000    
   66300.0000       0.00000000    
   66450.0000       0.00000000    
   66600.0000       0.00000000    
   66750.0000       0.00000000    
   66900.0000       0.00000000    
   67050.0000       0.00000000    
   67200.0000       0.00000000    
   67350.0000       0.00000000    
   67500.0000       0.00000000    
   67650.0000       0.00000000    
   67800.0000       0.00000000    
   67950.0000       0.00000000    
   68100.0000       0.00000000    
   68250.0000       0.00000000    
   68400.0000       0.00000000    
   68550.0000       0.00000000    
   68700.0000       0.00000000    
   68850.0000       0.00000000    
   69000.0000       0.00000000    
   69150.0000       0.00000000    
   69300.0000       0.00000000    
   69450.0000       0.00000000    
   69600.0000       0.00000000    
   69750.0000       0.00000000    
   69900.0000       0.00000000    
   70050.0000       0.00000000    
   70200.0000       0.00000000    
   70350.0000       0.00000000    
   70500.0000       0.00000000    
   70650.0000       0.00000000    
   70800.0000       0.00000000    
   70950.0000       0.00000000    
   71100.0000       0.00000000    
   71250.0000       0.00000000    
   71400.0000       0.00000000    
   71550.0000       0.00000000    
   71700.0000       0.00000000    
   71850.0000       0.00000000    
