 total time [hrs]:    1.00000000    
   100.000000      0.416666687    
   200.000000      0.833333373    
   300.000000       1.25000000    
   400.000000       1.66666675    
   500.000000       2.08066678    
   600.000000       2.48826671    
   700.000000       2.88584018    
   800.000000       3.27035761    
   900.000000       3.63979220    
   1000.00000       3.99283624    
   1100.00000       4.32885456    
   1200.00000       4.64765978    
   1300.00000       4.94941235    
   1400.00000       5.23449898    
   1500.00000       5.50346327    
   1600.00000       5.75694418    
   1700.00000       5.99563742    
   1800.00000       6.22026348    
   1900.00000       6.43154907    
   2000.00000       6.63021278    
   2100.00000       6.81695509    
   2200.00000       6.99245453    
   2300.00000       7.15735865    
   2400.00000       7.31228638    
   2500.00000       7.45782948    
   2600.00000       7.59454346    
   2700.00000       7.72295856    
   2800.00000       7.84356976    
   2900.00000       7.95685101    
   3000.00000       8.06324291    
   3100.00000       8.16316223    
   3200.00000       8.25700188    
   3300.00000       8.34513092    
   3400.00000       8.42789459    
   3500.00000       8.50562191    
