   100.000000       3.78787853E-02
   200.000000       7.57575706E-02
   300.000000      0.113636360    
   400.000000      0.151515141    
   500.000000      0.189151496    
   600.000000      0.226206049    
   700.000000      0.262349069    
   800.000000      0.297305197    
   900.000000      0.330890149    
   1000.00000      0.362985045    
   1100.00000      0.393532217    
   1200.00000      0.422514498    
   1300.00000      0.449946553    
   1400.00000      0.475863487    
   1500.00000      0.500314772    
   1600.00000      0.523358524    
   1700.00000      0.545057893    
   1800.00000      0.565478384    
   1900.00000      0.584686220    
   2000.00000      0.602746487    
   2100.00000      0.619723201    
   2200.00000      0.635677576    
   2300.00000      0.650668859    
   2400.00000      0.664753318    
   2500.00000      0.677984357    
   2600.00000      0.690412998    
   2700.00000      0.702086985    
   2800.00000      0.713051677    
   2900.00000      0.723349929    
   3000.00000      0.733021855    
   3100.00000      0.742105484    
   3200.00000      0.750636339    
   3300.00000      0.758648038    
   3400.00000      0.766172230    
   3500.00000      0.773238242    
   3600.00000      0.779874086    
   3700.00000      0.786105931    
   3800.00000      0.791958451    
   3900.00000      0.797454536    
   4000.00000      0.802615941    
   4100.00000      0.807463169    
   4200.00000      0.812015116    
   4300.00000      0.816289902    
   4400.00000      0.820304334    
   4500.00000      0.824074447    
   4600.00000      0.827614844    
   4700.00000      0.830939710    
   4800.00000      0.834062219    
   4900.00000      0.836994410    
   5000.00000      0.839748025    
   5100.00000      0.842333913    
   5200.00000      0.844762564    
   5300.00000      0.847043157    
   5400.00000      0.849185109    
   5500.00000      0.851196408    
   5600.00000      0.853085160    
   5700.00000      0.854858994    
   5800.00000      0.856524706    
   5900.00000      0.858089089    
   6000.00000      0.859558225    
   6100.00000      0.860937953    
   6200.00000      0.862233520    
   6300.00000      0.863450170    
   6400.00000      0.864592671    
   6500.00000      0.865665793    
   6600.00000      0.866673350    
   6700.00000      0.867619753    
   6800.00000      0.868508577    
   6900.00000      0.869343162    
   7000.00000      0.870126963    
   7100.00000      0.870862842    
   7200.00000      0.871554136    
   7300.00000      0.872203112    
   7400.00000      0.872812867    
   7500.00000      0.873385429    
   7600.00000      0.873922825    
   7700.00000      0.874427557    
   7800.00000      0.874901772    
   7900.00000      0.875347137    
   8000.00000      0.875765085    
   8100.00000      0.876157999    
   8200.00000      0.876526833    
   8300.00000      0.876873255    
   8400.00000      0.877198219    
   8500.00000      0.877503633    
   8600.00000      0.877790451    
   8700.00000      0.878059626    
   8800.00000      0.878312588    
   8900.00000      0.878550529    
   9000.00000      0.878773689    
   9100.00000      0.878983021    
   9200.00000      0.879179716    
   9300.00000      0.879364252    
   9400.00000      0.879537821    
   9500.00000      0.879700661    
   9600.00000      0.879853725    
   9700.00000      0.879997730    
   9800.00000      0.880132437    
   9900.00000      0.880259275    
   10000.0000      0.880378246    
   10100.0000      0.880490065    
   10200.0000      0.880594969    
   10300.0000      0.880693436    
   10400.0000      0.880786180    
   10500.0000      0.880872965    
   10600.0000      0.880954504    
   10700.0000      0.881031275    
   10800.0000      0.881103277    
   10900.0000      0.881170750    
   11000.0000      0.881234407    
   11100.0000      0.881293774    
   11200.0000      0.881349802    
   11300.0000      0.881402254    
   11400.0000      0.881451845    
   11500.0000      0.881498575    
   11600.0000      0.881541729    
   11700.0000      0.881582975    
   11800.0000      0.881621122    
   11900.0000      0.881657362    
   12000.0000      0.881690979    
   12100.0000      0.881722927    
   12200.0000      0.881753206    
   12300.0000      0.881780863    
   12400.0000      0.881807566    
   12500.0000      0.881832123    
   12600.0000      0.881855488    
   12700.0000      0.881876945    
   12800.0000      0.881897688    
   12900.0000      0.881917000    
   13000.0000      0.881935120    
   13100.0000      0.881952286    
   13200.0000      0.881967545    
   13300.0000      0.881982803    
   13400.0000      0.881996632    
   13500.0000      0.882009983    
   13600.0000      0.882022858    
   13700.0000      0.882033825    
   13800.0000      0.882045269    
   13900.0000      0.882054806    
   14000.0000      0.882064819    
   14100.0000      0.882073879    
   14200.0000      0.882082462    
   14300.0000      0.882090569    
   14400.0000      0.882097721    
   14500.0000      0.882105350    
   14600.0000      0.882111549    
   14700.0000      0.882117748    
   14800.0000      0.882122993    
   14900.0000      0.882128716    
   15000.0000      0.882134438    
   15100.0000      0.882138729    
   15200.0000      0.882143497    
   15300.0000      0.882147312    
   15400.0000      0.882151604    
   15500.0000      0.882154942    
   15600.0000      0.882158756    
   15700.0000      0.882162571    
   15800.0000      0.882165432    
   15900.0000      0.882168770    
   16000.0000      0.882171154    
   16100.0000      0.882174015    
   16200.0000      0.882175922    
   16300.0000      0.882178307    
   16400.0000      0.882180214    
   16500.0000      0.882182121    
   16600.0000      0.882184505    
   16700.0000      0.882185936    
   16800.0000      0.882187843    
   16900.0000      0.882189274    
   17000.0000      0.882191181    
   17100.0000      0.882192612    
   17200.0000      0.882194042    
   17300.0000      0.882195473    
   17400.0000      0.882196426    
   17500.0000      0.882197380    
   17600.0000      0.882198334    
   17700.0000      0.882199287    
   17800.0000      0.882200718    
   17900.0000      0.882200718    
   18000.0000      0.882201672    
   18100.0000      0.882201672    
   18200.0000      0.882202625    
   18300.0000      0.882203102    
   18400.0000      0.882203579    
   18500.0000      0.882204533    
   18600.0000      0.882204533    
   18700.0000      0.882205009    
   18800.0000      0.882205486    
   18900.0000      0.882205963    
   19000.0000      0.882205963    
   19100.0000      0.882206917    
   19200.0000      0.882206917    
   19300.0000      0.882206917    
   19400.0000      0.882207394    
   19500.0000      0.882207394    
   19600.0000      0.882207870    
   19700.0000      0.882207870    
   19800.0000      0.882208347    
   19900.0000      0.882208347    
   20000.0000      0.882208824    
   20100.0000      0.882208824    
   20200.0000      0.882208824    
   20300.0000      0.882209301    
   20400.0000      0.882208824    
   20500.0000      0.882209301    
   20600.0000      0.882209301    
   20700.0000      0.882209301    
   20800.0000      0.882209778    
   20900.0000      0.882209778    
   21000.0000      0.882209778    
   21100.0000      0.882209778    
   21200.0000      0.882209778    
   21300.0000      0.882209778    
   21400.0000      0.882210255    
   21500.0000      0.882210255    
   21600.0000      0.882210732    
   21700.0000      0.882209778    
   21800.0000      0.882210255    
   21900.0000      0.882210732    
   22000.0000      0.882210732    
   22100.0000      0.882210732    
   22200.0000      0.882210255    
   22300.0000      0.882210255    
   22400.0000      0.882210732    
   22500.0000      0.882210732    
   22600.0000      0.882210255    
   22700.0000      0.882210732    
   22800.0000      0.882210732    
   22900.0000      0.882211208    
   23000.0000      0.882211685    
   23100.0000      0.882210732    
   23200.0000      0.882211208    
   23300.0000      0.882211685    
   23400.0000      0.882212639    
   23500.0000      0.882213593    
   23600.0000      0.882213593    
   23700.0000      0.882213593    
   23800.0000      0.882214546    
   23900.0000      0.882215500    
   24000.0000      0.882214546    
   24100.0000      0.882215500    
   24200.0000      0.882215500    
   24300.0000      0.882216454    
   24400.0000      0.882216454    
   24500.0000      0.882215500    
   24600.0000      0.882216454    
   24700.0000      0.882216454    
   24800.0000      0.882216454    
   24900.0000      0.882217407    
   25000.0000      0.882216454    
   25100.0000      0.882216454    
   25200.0000      0.882217407    
   25300.0000      0.882216454    
   25400.0000      0.882216454    
   25500.0000      0.882217407    
   25600.0000      0.882216454    
   25700.0000      0.882217407    
   25800.0000      0.882218361    
   25900.0000      0.882216454    
   26000.0000      0.882217407    
   26100.0000      0.882217407    
   26200.0000      0.882217407    
   26300.0000      0.882217407    
   26400.0000      0.882216454    
   26500.0000      0.882217407    
   26600.0000      0.882216454    
   26700.0000      0.882217407    
   26800.0000      0.882217407    
   26900.0000      0.882216454    
   27000.0000      0.882217407    
   27100.0000      0.882217407    
   27200.0000      0.882217407    
   27300.0000      0.882217407    
   27400.0000      0.882217407    
   27500.0000      0.882217407    
   27600.0000      0.882218361    
   27700.0000      0.882216454    
   27800.0000      0.882217407    
   27900.0000      0.882216454    
   28000.0000      0.882217407    
   28100.0000      0.882218361    
   28200.0000      0.882216454    
   28300.0000      0.882217407    
   28400.0000      0.882217407    
   28500.0000      0.882217407    
   28600.0000      0.882218361    
   28700.0000      0.882216454    
   28800.0000      0.882217407    
   28900.0000      0.882216454    
   29000.0000      0.882217407    
   29100.0000      0.882217407    
   29200.0000      0.882216454    
   29300.0000      0.882217407    
   29400.0000      0.882217407    
   29500.0000      0.882217407    
   29600.0000      0.882217407    
   29700.0000      0.882217407    
   29800.0000      0.882217407    
   29900.0000      0.882218361    
   30000.0000      0.882217407    
   30100.0000      0.882217407    
   30200.0000      0.882216454    
   30300.0000      0.882217407    
   30400.0000      0.882218361    
   30500.0000      0.882216454    
   30600.0000      0.882217407    
   30700.0000      0.882217407    
   30800.0000      0.882217407    
   30900.0000      0.882218361    
   31000.0000      0.882216454    
   31100.0000      0.882217407    
   31200.0000      0.882216454    
   31300.0000      0.882217407    
   31400.0000      0.882217407    
   31500.0000      0.882216454    
   31600.0000      0.882217407    
   31700.0000      0.882217407    
   31800.0000      0.882217407    
   31900.0000      0.882217407    
   32000.0000      0.882217407    
   32100.0000      0.882217407    
   32200.0000      0.882218361    
   32300.0000      0.882217407    
   32400.0000      0.882217407    
   32500.0000      0.882216454    
   32600.0000      0.882217407    
   32700.0000      0.882217407    
   32800.0000      0.882217407    
   32900.0000      0.882217407    
   33000.0000      0.882216454    
   33100.0000      0.882217407    
   33200.0000      0.882216454    
   33300.0000      0.882216454    
   33400.0000      0.882216454    
   33500.0000      0.882216454    
   33600.0000      0.882217407    
   33700.0000      0.882217407    
   33800.0000      0.882216454    
   33900.0000      0.882217407    
   34000.0000      0.882217407    
   34100.0000      0.882217407    
   34200.0000      0.882218361    
   34300.0000      0.882216454    
   34400.0000      0.882217407    
   34500.0000      0.882216454    
   34600.0000      0.882217407    
   34700.0000      0.882216454    
   34800.0000      0.882216454    
   34900.0000      0.882217407    
   35000.0000      0.882217407    
   35100.0000      0.882217407    
   35200.0000      0.882217407    
   35300.0000      0.882217407    
   35400.0000      0.882217407    
   35500.0000      0.882218361    
   35600.0000      0.882217407    
   35700.0000      0.882217407    
   35800.0000      0.882216454    
   35900.0000      0.882217407    
   36000.0000      0.882217407    
   36100.0000      0.882216454    
   36200.0000      0.882217407    
   36300.0000      0.882216454    
   36400.0000      0.882217407    
   36500.0000      0.882216454    
   36600.0000      0.882216454    
   36700.0000      0.882216454    
   36800.0000      0.882216454    
   36900.0000      0.882217407    
   37000.0000      0.882217407    
   37100.0000      0.882216454    
   37200.0000      0.882217407    
   37300.0000      0.882217407    
   37400.0000      0.882217407    
   37500.0000      0.882217407    
   37600.0000      0.882216454    
   37700.0000      0.882217407    
   37800.0000      0.882216454    
   37900.0000      0.882217407    
   38000.0000      0.882216454    
   38100.0000      0.882216454    
   38200.0000      0.882217407    
   38300.0000      0.882217407    
   38400.0000      0.882217407    
   38500.0000      0.882217407    
   38600.0000      0.882217407    
   38700.0000      0.882217407    
   38800.0000      0.882218361    
   38900.0000      0.882216454    
   39000.0000      0.882217407    
   39100.0000      0.882216454    
   39200.0000      0.882217407    
   39300.0000      0.882217407    
   39400.0000      0.882216454    
   39500.0000      0.882217407    
