 total time [hrs]:    10.0000000    
   100.000000       4.16666679E-02
   200.000000       8.33333358E-02
   300.000000      0.125000000    
   400.000000      0.166666672    
   500.000000      0.208066672    
   600.000000      0.248826668    
   700.000000      0.288584024    
   800.000000      0.327035755    
   900.000000      0.363979191    
   1000.00000      0.399283618    
   1100.00000      0.432885468    
   1200.00000      0.464765966    
   1300.00000      0.494941235    
   1400.00000      0.523449898    
   1500.00000      0.550346315    
   1600.00000      0.575694442    
   1700.00000      0.599563718    
   1800.00000      0.622026324    
   1900.00000      0.643154860    
   2000.00000      0.663021266    
   2100.00000      0.681695521    
   2200.00000      0.699245453    
   2300.00000      0.715735853    
   2400.00000      0.731228709    
   2500.00000      0.745782971    
   2600.00000      0.759454370    
   2700.00000      0.772295713    
   2800.00000      0.784357011    
   2900.00000      0.795685053    
   3000.00000      0.806324124    
   3100.00000      0.816316247    
   3200.00000      0.825700164    
   3300.00000      0.834513009    
   3400.00000      0.842789590    
   3500.00000      0.850562215    
   3600.00000      0.857861638    
   3700.00000      0.864716768    
   3800.00000      0.871154428    
   3900.00000      0.877200067    
   4000.00000      0.882877707    
   4100.00000      0.888209522    
   4200.00000      0.893216670    
   4300.00000      0.897919059    
   4400.00000      0.902334869    
   4500.00000      0.906481922    
   4600.00000      0.910376430    
   4700.00000      0.914033771    
   4800.00000      0.917468309    
   4900.00000      0.920693994    
   5000.00000      0.923723102    
   5100.00000      0.926567554    
   5200.00000      0.929238915    
   5300.00000      0.931747675    
   5400.00000      0.934103489    
   5500.00000      0.936316013    
   5600.00000      0.938393831    
   5700.00000      0.940344930    
   5800.00000      0.942177415    
   5900.00000      0.943898201    
   6000.00000      0.945513964    
   6100.00000      0.947031736    
   6200.00000      0.948456883    
   6300.00000      0.949795127    
   6400.00000      0.951052070    
   6500.00000      0.952232599    
   6600.00000      0.953340888    
   6700.00000      0.954381943    
   6800.00000      0.955359578    
   6900.00000      0.956277490    
   7000.00000      0.957139730    
   7100.00000      0.957949638    
   7200.00000      0.958709717    
   7300.00000      0.959423780    
   7400.00000      0.960094452    
   7500.00000      0.960723877    
   7600.00000      0.961315393    
   7700.00000      0.961870909    
   7800.00000      0.962392330    
   7900.00000      0.962882042    
   8000.00000      0.963342190    
   8100.00000      0.963773966    
   8200.00000      0.964179516    
   8300.00000      0.964560747    
   8400.00000      0.964918375    
   8500.00000      0.965254307    
   8600.00000      0.965569973    
   8700.00000      0.965866089    
   8800.00000      0.966144323    
   8900.00000      0.966405630    
   9000.00000      0.966650724    
   9100.00000      0.966881275    
   9200.00000      0.967097759    
   9300.00000      0.967300892    
   9400.00000      0.967491865    
   9500.00000      0.967671156    
   9600.00000      0.967839241    
   9700.00000      0.967997789    
   9800.00000      0.968146086    
   9900.00000      0.968285322    
   10000.0000      0.968416452    
   10100.0000      0.968539476    
   10200.0000      0.968654633    
   10300.0000      0.968763590    
   10400.0000      0.968865156    
   10500.0000      0.968960524    
   10600.0000      0.969050646    
   10700.0000      0.969134808    
   10800.0000      0.969213963    
   10900.0000      0.969288588    
   11000.0000      0.969358206    
   11100.0000      0.969423532    
   11200.0000      0.969485283    
   11300.0000      0.969542980    
   11400.0000      0.969597340    
   11500.0000      0.969648361    
   11600.0000      0.969696283    
   11700.0000      0.969741106    
   11800.0000      0.969783545    
   11900.0000      0.969823122    
   12000.0000      0.969860077    
   12100.0000      0.969895363    
   12200.0000      0.969928265    
   12300.0000      0.969958782    
   12400.0000      0.969988346    
   12500.0000      0.970015049    
   12600.0000      0.970040321    
   12700.0000      0.970065117    
   12800.0000      0.970087528    
   12900.0000      0.970108032    
   13000.0000      0.970128536    
   13100.0000      0.970147133    
   13200.0000      0.970164299    
   13300.0000      0.970181465    
   13400.0000      0.970196247    
   13500.0000      0.970211029    
   13600.0000      0.970224380    
   13700.0000      0.970237255    
   13800.0000      0.970248699    
   13900.0000      0.970260620    
   14000.0000      0.970271587    
   14100.0000      0.970280647    
   14200.0000      0.970290184    
   14300.0000      0.970299244    
   14400.0000      0.970307350    
   14500.0000      0.970314980    
   14600.0000      0.970322132    
   14700.0000      0.970329285    
   14800.0000      0.970335960    
   14900.0000      0.970341206    
   15000.0000      0.970346451    
   15100.0000      0.970352650    
   15200.0000      0.970357418    
   15300.0000      0.970362186    
   15400.0000      0.970366478    
   15500.0000      0.970370293    
   15600.0000      0.970374107    
   15700.0000      0.970377922    
   15800.0000      0.970381260    
   15900.0000      0.970384598    
   16000.0000      0.970388412    
   16100.0000      0.970390797    
   16200.0000      0.970393181    
   16300.0000      0.970396042    
   16400.0000      0.970397949    
   16500.0000      0.970399857    
   16600.0000      0.970402718    
   16700.0000      0.970404148    
   16800.0000      0.970405579    
   16900.0000      0.970407963    
   17000.0000      0.970409393    
   17100.0000      0.970410824    
   17200.0000      0.970412731    
   17300.0000      0.970414162    
   17400.0000      0.970415592    
   17500.0000      0.970417023    
   17600.0000      0.970417976    
   17700.0000      0.970418930    
   17800.0000      0.970420361    
   17900.0000      0.970420837    
   18000.0000      0.970421791    
   18100.0000      0.970422268    
   18200.0000      0.970423698    
   18300.0000      0.970423222    
   18400.0000      0.970424652    
   18500.0000      0.970424652    
   18600.0000      0.970425129    
   18700.0000      0.970426083    
   18800.0000      0.970426559    
   18900.0000      0.970427036    
   19000.0000      0.970427513    
   19100.0000      0.970427990    
   19200.0000      0.970427513    
   19300.0000      0.970428467    
   19400.0000      0.970428944    
   19500.0000      0.970428944    
   19600.0000      0.970428944    
   19700.0000      0.970429897    
   19800.0000      0.970428944    
   19900.0000      0.970429897    
   20000.0000      0.970430374    
   20100.0000      0.970429897    
   20200.0000      0.970430374    
   20300.0000      0.970430851    
   20400.0000      0.970429897    
   20500.0000      0.970430851    
   20600.0000      0.970431328    
   20700.0000      0.970430851    
   20800.0000      0.970431328    
   20900.0000      0.970431805    
   21000.0000      0.970431328    
   21100.0000      0.970431805    
   21200.0000      0.970431805    
   21300.0000      0.970431805    
   21400.0000      0.970432281    
   21500.0000      0.970433235    
   21600.0000      0.970433235    
   21700.0000      0.970434189    
   21800.0000      0.970435143    
   21900.0000      0.970435143    
   22000.0000      0.970435143    
   22100.0000      0.970436096    
   22200.0000      0.970436096    
   22300.0000      0.970437050    
   22400.0000      0.970437050    
   22500.0000      0.970437050    
   22600.0000      0.970438004    
   22700.0000      0.970437050    
   22800.0000      0.970437050    
   22900.0000      0.970438004    
   23000.0000      0.970438004    
   23100.0000      0.970438004    
   23200.0000      0.970438004    
   23300.0000      0.970438957    
   23400.0000      0.970438957    
   23500.0000      0.970438004    
   23600.0000      0.970438957    
   23700.0000      0.970438957    
   23800.0000      0.970438957    
   23900.0000      0.970439911    
   24000.0000      0.970438957    
   24100.0000      0.970439911    
   24200.0000      0.970440865    
   24300.0000      0.970438957    
   24400.0000      0.970439911    
   24500.0000      0.970440865    
   24600.0000      0.970438957    
   24700.0000      0.970439911    
   24800.0000      0.970440865    
   24900.0000      0.970438957    
   25000.0000      0.970439911    
   25100.0000      0.970440865    
   25200.0000      0.970438957    
   25300.0000      0.970439911    
   25400.0000      0.970440865    
   25500.0000      0.970438957    
   25600.0000      0.970439911    
   25700.0000      0.970440865    
   25800.0000      0.970438957    
   25900.0000      0.970439911    
   26000.0000      0.970440865    
   26100.0000      0.970438957    
   26200.0000      0.970439911    
   26300.0000      0.970440865    
   26400.0000      0.970438957    
   26500.0000      0.970439911    
   26600.0000      0.970440865    
   26700.0000      0.970438957    
   26800.0000      0.970439911    
   26900.0000      0.970440865    
   27000.0000      0.970439911    
   27100.0000      0.970439911    
   27200.0000      0.970440865    
   27300.0000      0.970439911    
   27400.0000      0.970439911    
   27500.0000      0.970440865    
   27600.0000      0.970439911    
   27700.0000      0.970439911    
   27800.0000      0.970440865    
   27900.0000      0.970439911    
   28000.0000      0.970439911    
   28100.0000      0.970440865    
   28200.0000      0.970439911    
   28300.0000      0.970439911    
   28400.0000      0.970440865    
   28500.0000      0.970439911    
   28600.0000      0.970439911    
   28700.0000      0.970440865    
   28800.0000      0.970439911    
   28900.0000      0.970439911    
   29000.0000      0.970440865    
   29100.0000      0.970439911    
   29200.0000      0.970439911    
   29300.0000      0.970440865    
   29400.0000      0.970439911    
   29500.0000      0.970439911    
   29600.0000      0.970440865    
   29700.0000      0.970439911    
   29800.0000      0.970439911    
   29900.0000      0.970440865    
   30000.0000      0.970439911    
   30100.0000      0.970439911    
   30200.0000      0.970440865    
   30300.0000      0.970439911    
   30400.0000      0.970439911    
   30500.0000      0.970440865    
   30600.0000      0.970439911    
   30700.0000      0.970439911    
   30800.0000      0.970440865    
   30900.0000      0.970439911    
   31000.0000      0.970439911    
   31100.0000      0.970440865    
   31200.0000      0.970439911    
   31300.0000      0.970439911    
   31400.0000      0.970440865    
   31500.0000      0.970439911    
   31600.0000      0.970439911    
   31700.0000      0.970440865    
   31800.0000      0.970439911    
   31900.0000      0.970439911    
   32000.0000      0.970440865    
   32100.0000      0.970439911    
   32200.0000      0.970439911    
   32300.0000      0.970440865    
   32400.0000      0.970439911    
   32500.0000      0.970439911    
   32600.0000      0.970440865    
   32700.0000      0.970439911    
   32800.0000      0.970439911    
   32900.0000      0.970440865    
   33000.0000      0.970439911    
   33100.0000      0.970439911    
   33200.0000      0.970440865    
   33300.0000      0.970439911    
   33400.0000      0.970439911    
   33500.0000      0.970440865    
   33600.0000      0.970439911    
   33700.0000      0.970439911    
   33800.0000      0.970440865    
   33900.0000      0.970439911    
   34000.0000      0.970439911    
   34100.0000      0.970440865    
   34200.0000      0.970439911    
   34300.0000      0.970439911    
   34400.0000      0.970440865    
   34500.0000      0.970439911    
   34600.0000      0.970439911    
   34700.0000      0.970440865    
   34800.0000      0.970439911    
   34900.0000      0.970439911    
   35000.0000      0.970440865    
   35100.0000      0.970439911    
   35200.0000      0.970439911    
   35300.0000      0.970440865    
   35400.0000      0.970439911    
   35500.0000      0.970439911    
   35600.0000      0.970440865    
   35700.0000      0.970439911    
   35800.0000      0.970439911    
   35900.0000      0.970440865    
