 total time [hrs]:    20.0000000    
   100.000000       2.08333340E-02
   200.000000       4.16666679E-02
   300.000000       6.25000000E-02
   400.000000       8.33333358E-02
   500.000000      0.104033336    
   600.000000      0.124413334    
   700.000000      0.144292012    
   800.000000      0.163517877    
   900.000000      0.181989595    
   1000.00000      0.199641809    
   1100.00000      0.216442734    
   1200.00000      0.232382983    
   1300.00000      0.247470617    
   1400.00000      0.261724949    
   1500.00000      0.275173157    
   1600.00000      0.287847221    
   1700.00000      0.299781859    
   1800.00000      0.311013162    
   1900.00000      0.321577430    
   2000.00000      0.331510633    
   2100.00000      0.340847760    
   2200.00000      0.349622726    
   2300.00000      0.357867926    
   2400.00000      0.365614355    
   2500.00000      0.372891486    
   2600.00000      0.379727185    
   2700.00000      0.386147857    
   2800.00000      0.392178506    
   2900.00000      0.397842526    
   3000.00000      0.403162062    
   3100.00000      0.408158123    
   3200.00000      0.412850082    
   3300.00000      0.417256504    
   3400.00000      0.421394795    
   3500.00000      0.425281107    
   3600.00000      0.428930819    
   3700.00000      0.432358384    
   3800.00000      0.435577214    
   3900.00000      0.438600034    
   4000.00000      0.441438854    
   4100.00000      0.444104761    
   4200.00000      0.446608335    
   4300.00000      0.448959529    
   4400.00000      0.451167434    
   4500.00000      0.453240961    
   4600.00000      0.455188215    
   4700.00000      0.457016885    
   4800.00000      0.458734155    
   4900.00000      0.460346997    
   5000.00000      0.461861551    
   5100.00000      0.463283777    
   5200.00000      0.464619458    
   5300.00000      0.465873837    
   5400.00000      0.467051744    
   5500.00000      0.468158007    
   5600.00000      0.469196916    
   5700.00000      0.470172465    
   5800.00000      0.471088707    
   5900.00000      0.471949100    
   6000.00000      0.472756982    
   6100.00000      0.473515868    
   6200.00000      0.474228442    
   6300.00000      0.474897563    
   6400.00000      0.475526035    
   6500.00000      0.476116300    
   6600.00000      0.476670444    
   6700.00000      0.477190971    
   6800.00000      0.477679789    
   6900.00000      0.478138745    
   7000.00000      0.478569865    
   7100.00000      0.478974819    
   7200.00000      0.479354858    
   7300.00000      0.479711890    
   7400.00000      0.480047226    
   7500.00000      0.480361938    
   7600.00000      0.480657697    
   7700.00000      0.480935454    
   7800.00000      0.481196165    
   7900.00000      0.481441021    
   8000.00000      0.481671095    
   8100.00000      0.481886983    
   8200.00000      0.482089758    
   8300.00000      0.482280374    
   8400.00000      0.482459188    
   8500.00000      0.482627153    
   8600.00000      0.482784986    
   8700.00000      0.482933044    
   8800.00000      0.483072162    
   8900.00000      0.483202815    
   9000.00000      0.483325362    
   9100.00000      0.483440638    
   9200.00000      0.483548880    
   9300.00000      0.483650446    
   9400.00000      0.483745933    
   9500.00000      0.483835578    
   9600.00000      0.483919621    
   9700.00000      0.483998895    
   9800.00000      0.484073043    
   9900.00000      0.484142661    
   10000.0000      0.484208226    
   10100.0000      0.484269738    
   10200.0000      0.484327316    
   10300.0000      0.484381795    
   10400.0000      0.484432578    
   10500.0000      0.484480262    
   10600.0000      0.484525323    
   10700.0000      0.484567404    
   10800.0000      0.484606981    
   10900.0000      0.484644294    
   11000.0000      0.484679103    
   11100.0000      0.484711766    
   11200.0000      0.484742641    
   11300.0000      0.484771490    
   11400.0000      0.484798670    
   11500.0000      0.484824181    
   11600.0000      0.484848142    
   11700.0000      0.484870553    
   11800.0000      0.484891772    
   11900.0000      0.484911561    
   12000.0000      0.484930038    
   12100.0000      0.484947681    
   12200.0000      0.484964132    
   12300.0000      0.484979391    
   12400.0000      0.484994173    
   12500.0000      0.485007524    
   12600.0000      0.485020161    
   12700.0000      0.485032558    
   12800.0000      0.485043764    
   12900.0000      0.485054016    
   13000.0000      0.485064268    
   13100.0000      0.485073566    
   13200.0000      0.485082150    
   13300.0000      0.485090733    
   13400.0000      0.485098124    
   13500.0000      0.485105515    
   13600.0000      0.485112190    
   13700.0000      0.485118628    
   13800.0000      0.485124350    
   13900.0000      0.485130310    
   14000.0000      0.485135794    
   14100.0000      0.485140324    
   14200.0000      0.485145092    
   14300.0000      0.485149622    
   14400.0000      0.485153675    
   14500.0000      0.485157490    
   14600.0000      0.485161066    
   14700.0000      0.485164642    
   14800.0000      0.485167980    
   14900.0000      0.485170603    
   15000.0000      0.485173225    
   15100.0000      0.485176325    
   15200.0000      0.485178709    
   15300.0000      0.485181093    
   15400.0000      0.485183239    
   15500.0000      0.485185146    
   15600.0000      0.485187054    
   15700.0000      0.485188961    
   15800.0000      0.485190630    
   15900.0000      0.485192299    
   16000.0000      0.485194206    
   16100.0000      0.485195398    
   16200.0000      0.485196590    
   16300.0000      0.485198021    
   16400.0000      0.485198975    
   16500.0000      0.485199928    
   16600.0000      0.485201359    
   16700.0000      0.485202074    
   16800.0000      0.485202789    
   16900.0000      0.485203981    
   17000.0000      0.485204697    
   17100.0000      0.485205412    
   17200.0000      0.485206366    
   17300.0000      0.485207081    
   17400.0000      0.485207796    
   17500.0000      0.485208511    
   17600.0000      0.485208988    
   17700.0000      0.485209465    
   17800.0000      0.485210180    
   17900.0000      0.485210419    
   18000.0000      0.485210896    
   18100.0000      0.485211134    
   18200.0000      0.485211849    
   18300.0000      0.485211611    
   18400.0000      0.485212326    
   18500.0000      0.485212326    
   18600.0000      0.485212564    
   18700.0000      0.485213041    
   18800.0000      0.485213280    
   18900.0000      0.485213518    
   19000.0000      0.485213757    
   19100.0000      0.485213995    
   19200.0000      0.485213757    
   19300.0000      0.485214233    
   19400.0000      0.485214472    
   19500.0000      0.485214472    
   19600.0000      0.485214472    
   19700.0000      0.485214949    
   19800.0000      0.485214472    
   19900.0000      0.485214949    
   20000.0000      0.485215187    
   20100.0000      0.485214949    
   20200.0000      0.485215187    
   20300.0000      0.485215425    
   20400.0000      0.485214949    
   20500.0000      0.485215425    
   20600.0000      0.485215664    
   20700.0000      0.485215425    
   20800.0000      0.485215664    
   20900.0000      0.485215902    
   21000.0000      0.485215664    
   21100.0000      0.485215902    
   21200.0000      0.485215902    
   21300.0000      0.485215902    
   21400.0000      0.485216141    
   21500.0000      0.485216618    
   21600.0000      0.485216618    
   21700.0000      0.485217094    
   21800.0000      0.485217571    
   21900.0000      0.485217571    
   22000.0000      0.485217571    
   22100.0000      0.485218048    
   22200.0000      0.485218048    
   22300.0000      0.485218525    
   22400.0000      0.485218525    
   22500.0000      0.485218525    
   22600.0000      0.485219002    
   22700.0000      0.485218525    
   22800.0000      0.485218525    
   22900.0000      0.485219002    
   23000.0000      0.485219002    
   23100.0000      0.485219002    
   23200.0000      0.485219002    
   23300.0000      0.485219479    
   23400.0000      0.485219479    
   23500.0000      0.485219002    
   23600.0000      0.485219479    
   23700.0000      0.485219479    
   23800.0000      0.485219479    
   23900.0000      0.485219955    
   24000.0000      0.485219479    
   24100.0000      0.485219955    
   24200.0000      0.485220432    
   24300.0000      0.485219479    
   24400.0000      0.485219955    
   24500.0000      0.485220432    
   24600.0000      0.485219479    
   24700.0000      0.485219955    
   24800.0000      0.485220432    
   24900.0000      0.485219479    
   25000.0000      0.485219955    
   25100.0000      0.485220432    
   25200.0000      0.485219479    
   25300.0000      0.485219955    
   25400.0000      0.485220432    
   25500.0000      0.485219479    
   25600.0000      0.485219955    
   25700.0000      0.485220432    
   25800.0000      0.485219479    
   25900.0000      0.485219955    
   26000.0000      0.485220432    
   26100.0000      0.485219479    
   26200.0000      0.485219955    
   26300.0000      0.485220432    
   26400.0000      0.485219479    
   26500.0000      0.485219955    
   26600.0000      0.485220432    
   26700.0000      0.485219479    
   26800.0000      0.485219955    
   26900.0000      0.485220432    
   27000.0000      0.485219955    
   27100.0000      0.485219955    
   27200.0000      0.485220432    
   27300.0000      0.485219955    
   27400.0000      0.485219955    
   27500.0000      0.485220432    
   27600.0000      0.485219955    
   27700.0000      0.485219955    
   27800.0000      0.485220432    
   27900.0000      0.485219955    
   28000.0000      0.485219955    
   28100.0000      0.485220432    
   28200.0000      0.485219955    
   28300.0000      0.485219955    
   28400.0000      0.485220432    
   28500.0000      0.485219955    
   28600.0000      0.485219955    
   28700.0000      0.485220432    
   28800.0000      0.485219955    
   28900.0000      0.485219955    
   29000.0000      0.485220432    
   29100.0000      0.485219955    
   29200.0000      0.485219955    
   29300.0000      0.485220432    
   29400.0000      0.485219955    
   29500.0000      0.485219955    
   29600.0000      0.485220432    
   29700.0000      0.485219955    
   29800.0000      0.485219955    
   29900.0000      0.485220432    
   30000.0000      0.485219955    
   30100.0000      0.485219955    
   30200.0000      0.485220432    
   30300.0000      0.485219955    
   30400.0000      0.485219955    
   30500.0000      0.485220432    
   30600.0000      0.485219955    
   30700.0000      0.485219955    
   30800.0000      0.485220432    
   30900.0000      0.485219955    
   31000.0000      0.485219955    
   31100.0000      0.485220432    
   31200.0000      0.485219955    
   31300.0000      0.485219955    
   31400.0000      0.485220432    
   31500.0000      0.485219955    
   31600.0000      0.485219955    
   31700.0000      0.485220432    
   31800.0000      0.485219955    
   31900.0000      0.485219955    
   32000.0000      0.485220432    
   32100.0000      0.485219955    
   32200.0000      0.485219955    
   32300.0000      0.485220432    
   32400.0000      0.485219955    
   32500.0000      0.485219955    
   32600.0000      0.485220432    
   32700.0000      0.485219955    
   32800.0000      0.485219955    
   32900.0000      0.485220432    
   33000.0000      0.485219955    
   33100.0000      0.485219955    
   33200.0000      0.485220432    
   33300.0000      0.485219955    
   33400.0000      0.485219955    
   33500.0000      0.485220432    
   33600.0000      0.485219955    
   33700.0000      0.485219955    
   33800.0000      0.485220432    
   33900.0000      0.485219955    
   34000.0000      0.485219955    
   34100.0000      0.485220432    
   34200.0000      0.485219955    
   34300.0000      0.485219955    
   34400.0000      0.485220432    
   34500.0000      0.485219955    
   34600.0000      0.485219955    
   34700.0000      0.485220432    
   34800.0000      0.485219955    
   34900.0000      0.485219955    
   35000.0000      0.485220432    
   35100.0000      0.485219955    
   35200.0000      0.485219955    
   35300.0000      0.485220432    
   35400.0000      0.485219955    
   35500.0000      0.485219955    
   35600.0000      0.485220432    
   35700.0000      0.485219955    
   35800.0000      0.485219955    
   35900.0000      0.485220432    
   36000.0000      0.485219955    
   36100.0000      0.485219955    
   36200.0000      0.485220432    
   36300.0000      0.485219955    
   36400.0000      0.485219955    
   36500.0000      0.485220432    
   36600.0000      0.485219955    
   36700.0000      0.485219955    
   36800.0000      0.485220432    
   36900.0000      0.485219955    
   37000.0000      0.485219955    
   37100.0000      0.485220432    
   37200.0000      0.485219955    
   37300.0000      0.485219955    
   37400.0000      0.485220432    
   37500.0000      0.485219955    
   37600.0000      0.485219955    
   37700.0000      0.485220432    
   37800.0000      0.485219955    
   37900.0000      0.485219955    
   38000.0000      0.485220432    
   38100.0000      0.485219955    
   38200.0000      0.485219955    
   38300.0000      0.485220432    
   38400.0000      0.485219955    
   38500.0000      0.485220432    
   38600.0000      0.485220432    
   38700.0000      0.485219955    
   38800.0000      0.485220432    
   38900.0000      0.485220432    
   39000.0000      0.485219955    
   39100.0000      0.485220432    
   39200.0000      0.485220432    
   39300.0000      0.485219955    
   39400.0000      0.485220432    
   39500.0000      0.485220432    
   39600.0000      0.485219955    
   39700.0000      0.485220432    
   39800.0000      0.485220432    
   39900.0000      0.485219479    
   40000.0000      0.485220432    
   40100.0000      0.485219955    
   40200.0000      0.485219479    
   40300.0000      0.485220432    
   40400.0000      0.485219479    
   40500.0000      0.485219479    
   40600.0000      0.485219479    
   40700.0000      0.485219002    
   40800.0000      0.485218048    
   40900.0000      0.485218048    
   41000.0000      0.485217094    
   41100.0000      0.485216141    
   41200.0000      0.485216141    
   41300.0000      0.485215187    
   41400.0000      0.485215187    
   41500.0000      0.485215187    
   41600.0000      0.485214233    
   41700.0000      0.485214233    
   41800.0000      0.485214233    
   41900.0000      0.485214233    
   42000.0000      0.485213280    
   42100.0000      0.485214233    
   42200.0000      0.485213280    
   42300.0000      0.485213280    
   42400.0000      0.485213280    
   42500.0000      0.485213280    
   42600.0000      0.485212326    
   42700.0000      0.485213280    
   42800.0000      0.485213280    
   42900.0000      0.485212326    
   43000.0000      0.485213280    
   43100.0000      0.485213280    
   43200.0000      0.485212326    
   43300.0000      0.485213280    
   43400.0000      0.485213280    
   43500.0000      0.485212326    
   43600.0000      0.485213280    
   43700.0000      0.485213280    
   43800.0000      0.485212326    
   43900.0000      0.485213280    
   44000.0000      0.485213280    
   44100.0000      0.485212326    
   44200.0000      0.485213280    
   44300.0000      0.485213280    
   44400.0000      0.485212326    
   44500.0000      0.485213280    
   44600.0000      0.485213280    
   44700.0000      0.485212326    
   44800.0000      0.485213280    
   44900.0000      0.485213280    
   45000.0000      0.485212326    
   45100.0000      0.485213280    
   45200.0000      0.485213280    
   45300.0000      0.485212326    
   45400.0000      0.485213280    
   45500.0000      0.485213280    
   45600.0000      0.485212326    
   45700.0000      0.485213280    
   45800.0000      0.485213280    
   45900.0000      0.485212326    
   46000.0000      0.485213280    
   46100.0000      0.485213280    
   46200.0000      0.485212326    
   46300.0000      0.485213280    
   46400.0000      0.485213280    
   46500.0000      0.485212326    
   46600.0000      0.485213280    
   46700.0000      0.485213280    
   46800.0000      0.485212326    
   46900.0000      0.485213280    
   47000.0000      0.485213280    
   47100.0000      0.485212326    
   47200.0000      0.485213280    
   47300.0000      0.485213280    
   47400.0000      0.485212326    
   47500.0000      0.485213280    
   47600.0000      0.485213280    
   47700.0000      0.485212326    
   47800.0000      0.485213280    
   47900.0000      0.485213280    
   48000.0000      0.485212326    
   48100.0000      0.485213280    
   48200.0000      0.485213280    
   48300.0000      0.485212326    
   48400.0000      0.485213280    
   48500.0000      0.485213280    
   48600.0000      0.485212326    
   48700.0000      0.485213280    
   48800.0000      0.485213280    
   48900.0000      0.485212326    
   49000.0000      0.485213280    
   49100.0000      0.485213280    
   49200.0000      0.485212326    
   49300.0000      0.485213280    
   49400.0000      0.485213280    
   49500.0000      0.485212326    
   49600.0000      0.485213280    
   49700.0000      0.485213280    
   49800.0000      0.485212326    
   49900.0000      0.485213280    
   50000.0000      0.485213280    
   50100.0000      0.485212326    
   50200.0000      0.485213280    
   50300.0000      0.485213280    
   50400.0000      0.485212326    
   50500.0000      0.485213280    
   50600.0000      0.485213280    
   50700.0000      0.485212326    
   50800.0000      0.485213280    
   50900.0000      0.485213280    
   51000.0000      0.485212326    
   51100.0000      0.485213280    
   51200.0000      0.485213280    
   51300.0000      0.485212326    
   51400.0000      0.485213280    
   51500.0000      0.485213280    
   51600.0000      0.485212326    
   51700.0000      0.485213280    
   51800.0000      0.485213280    
   51900.0000      0.485212326    
   52000.0000      0.485213280    
   52100.0000      0.485213280    
   52200.0000      0.485212326    
   52300.0000      0.485213280    
   52400.0000      0.485213280    
   52500.0000      0.485212326    
   52600.0000      0.485213280    
   52700.0000      0.485213280    
   52800.0000      0.485212326    
   52900.0000      0.485213280    
   53000.0000      0.485213280    
   53100.0000      0.485212326    
   53200.0000      0.485213280    
   53300.0000      0.485213280    
   53400.0000      0.485212326    
   53500.0000      0.485213280    
   53600.0000      0.485213280    
   53700.0000      0.485212326    
   53800.0000      0.485213280    
   53900.0000      0.485213280    
   54000.0000      0.485212326    
   54100.0000      0.485213280    
   54200.0000      0.485213280    
   54300.0000      0.485212326    
   54400.0000      0.485213280    
   54500.0000      0.485213280    
   54600.0000      0.485212326    
   54700.0000      0.485213280    
   54800.0000      0.485213280    
   54900.0000      0.485212326    
   55000.0000      0.485213280    
   55100.0000      0.485213280    
   55200.0000      0.485212326    
   55300.0000      0.485213280    
   55400.0000      0.485213280    
   55500.0000      0.485212326    
   55600.0000      0.485213280    
   55700.0000      0.485213280    
   55800.0000      0.485212326    
   55900.0000      0.485213280    
   56000.0000      0.485213280    
   56100.0000      0.485212326    
   56200.0000      0.485213280    
   56300.0000      0.485213280    
   56400.0000      0.485212326    
   56500.0000      0.485213280    
   56600.0000      0.485213280    
   56700.0000      0.485212326    
   56800.0000      0.485213280    
   56900.0000      0.485213280    
   57000.0000      0.485212326    
   57100.0000      0.485213280    
   57200.0000      0.485213280    
   57300.0000      0.485212326    
   57400.0000      0.485213280    
   57500.0000      0.485213280    
   57600.0000      0.485212326    
   57700.0000      0.485213280    
   57800.0000      0.485213280    
   57900.0000      0.485212326    
   58000.0000      0.485213280    
   58100.0000      0.485213280    
   58200.0000      0.485212326    
   58300.0000      0.485213280    
   58400.0000      0.485213280    
   58500.0000      0.485212326    
   58600.0000      0.485213280    
   58700.0000      0.485213280    
   58800.0000      0.485212326    
   58900.0000      0.485213280    
   59000.0000      0.485213280    
   59100.0000      0.485212326    
   59200.0000      0.485213280    
   59300.0000      0.485213280    
   59400.0000      0.485212326    
   59500.0000      0.485213280    
   59600.0000      0.485213280    
   59700.0000      0.485212326    
   59800.0000      0.485213280    
   59900.0000      0.485213280    
   60000.0000      0.485212326    
   60100.0000      0.485213280    
   60200.0000      0.485213280    
   60300.0000      0.485212326    
   60400.0000      0.485213280    
   60500.0000      0.485213280    
   60600.0000      0.485212326    
   60700.0000      0.485213280    
   60800.0000      0.485213280    
   60900.0000      0.485212326    
   61000.0000      0.485213280    
   61100.0000      0.485213280    
   61200.0000      0.485212326    
   61300.0000      0.485213280    
   61400.0000      0.485213280    
   61500.0000      0.485212326    
   61600.0000      0.485213280    
   61700.0000      0.485213280    
   61800.0000      0.485212326    
   61900.0000      0.485213280    
   62000.0000      0.485213280    
   62100.0000      0.485212326    
   62200.0000      0.485213280    
   62300.0000      0.485213280    
   62400.0000      0.485212326    
   62500.0000      0.485213280    
   62600.0000      0.485213280    
   62700.0000      0.485212326    
   62800.0000      0.485213280    
   62900.0000      0.485213280    
   63000.0000      0.485212326    
   63100.0000      0.485213280    
   63200.0000      0.485213280    
   63300.0000      0.485212326    
   63400.0000      0.485213280    
   63500.0000      0.485213280    
   63600.0000      0.485212326    
   63700.0000      0.485213280    
   63800.0000      0.485213280    
   63900.0000      0.485212326    
   64000.0000      0.485213280    
   64100.0000      0.485213280    
   64200.0000      0.485212326    
   64300.0000      0.485213280    
   64400.0000      0.485213280    
   64500.0000      0.485212326    
   64600.0000      0.485213280    
   64700.0000      0.485213280    
   64800.0000      0.485212326    
   64900.0000      0.485213280    
   65000.0000      0.485213280    
   65100.0000      0.485212326    
   65200.0000      0.485213280    
   65300.0000      0.485213280    
   65400.0000      0.485212326    
   65500.0000      0.485213280    
   65600.0000      0.485213280    
   65700.0000      0.485212326    
   65800.0000      0.485213280    
   65900.0000      0.485213280    
   66000.0000      0.485212326    
   66100.0000      0.485213280    
   66200.0000      0.485213280    
   66300.0000      0.485212326    
   66400.0000      0.485213280    
   66500.0000      0.485213280    
   66600.0000      0.485212326    
   66700.0000      0.485213280    
   66800.0000      0.485213280    
   66900.0000      0.485212326    
   67000.0000      0.485213280    
   67100.0000      0.485213280    
   67200.0000      0.485212326    
   67300.0000      0.485213280    
   67400.0000      0.485213280    
   67500.0000      0.485212326    
   67600.0000      0.485213280    
   67700.0000      0.485213280    
   67800.0000      0.485212326    
   67900.0000      0.485213280    
   68000.0000      0.485213280    
   68100.0000      0.485212326    
   68200.0000      0.485213280    
   68300.0000      0.485213280    
   68400.0000      0.485212326    
   68500.0000      0.485213280    
   68600.0000      0.485213280    
   68700.0000      0.485212326    
   68800.0000      0.485213280    
   68900.0000      0.485213280    
   69000.0000      0.485212326    
   69100.0000      0.485213280    
   69200.0000      0.485213280    
   69300.0000      0.485212326    
   69400.0000      0.485213280    
   69500.0000      0.485213280    
   69600.0000      0.485212326    
   69700.0000      0.485213280    
   69800.0000      0.485213280    
   69900.0000      0.485212326    
   70000.0000      0.485213280    
   70100.0000      0.485213280    
   70200.0000      0.485212326    
   70300.0000      0.485213280    
   70400.0000      0.485213280    
   70500.0000      0.485212326    
   70600.0000      0.485213280    
   70700.0000      0.485213280    
   70800.0000      0.485212326    
   70900.0000      0.485213280    
   71000.0000      0.485213280    
   71100.0000      0.485212326    
   71200.0000      0.485213280    
   71300.0000      0.485213280    
   71400.0000      0.485212326    
   71500.0000      0.485213280    
   71600.0000      0.485213280    
   71700.0000      0.485212326    
   71800.0000      0.485213280    
   71900.0000      0.485213280    
